2024-11-08 01:01:22,842 [ERROR] Error in clustering: 'ClusteringGUI' object has no attribute 'plot_button'
2024-11-08 01:01:24,654 [ERROR] Error exporting results: 'ClusteringGUI' object has no attribute '_generate_cluster_descriptions'
2024-11-08 01:03:02,217 [INFO] Generated description for Cluster 0: low Trad News Print, high News 1 (49.4% of samples)
2024-11-08 01:03:02,220 [INFO] Generated description for Cluster 1: low Trad News Online, low News 1, high News Frequency (25.3% of samples)
2024-11-08 01:03:02,222 [INFO] Generated description for Cluster 2: high Trad News Tv, low News Frequency, high Trad News Online (25.3% of samples)
2024-11-08 09:44:59,671 - __main__ - INFO - Starting application
2024-11-08 09:44:59,833 - __main__ - INFO - Initializing ClusterAnalysisGUI
2024-11-08 09:44:59,834 - __main__ - INFO - Logging initialized
2024-11-08 09:44:59,834 - __main__ - INFO - Initializing GUI variables
2024-11-08 09:44:59,834 - __main__ - INFO - GUI variables initialized successfully
2024-11-08 09:44:59,834 - __main__ - INFO - Setting up directories
2024-11-08 09:44:59,834 - __main__ - INFO - Directories created successfully
2024-11-08 09:44:59,834 - __main__ - INFO - Initializing tabs
2024-11-08 09:44:59,835 - __main__ - ERROR - Failed to initialize tabs: 'ClusterAnalysisGUI' object has no attribute 'create_data_tab'
Traceback (most recent call last):
  File "/Users/luciusjmorningstar/Documents/GitHub/POLITICAL-PSYCH/scripts/Python/cluster.py", line 266, in _initialize_tabs
    self.create_data_tab()
AttributeError: 'ClusterAnalysisGUI' object has no attribute 'create_data_tab'

2024-11-08 09:44:59,835 - __main__ - ERROR - Failed to initialize ClusterAnalysisGUI: 'ClusterAnalysisGUI' object has no attribute 'create_data_tab'
Traceback (most recent call last):
  File "/Users/luciusjmorningstar/Documents/GitHub/POLITICAL-PSYCH/scripts/Python/cluster.py", line 117, in __init__
    self._initialize_tabs()
  File "/Users/luciusjmorningstar/Documents/GitHub/POLITICAL-PSYCH/scripts/Python/cluster.py", line 266, in _initialize_tabs
    self.create_data_tab()
AttributeError: 'ClusterAnalysisGUI' object has no attribute 'create_data_tab'

2024-11-08 09:45:05,405 - __main__ - CRITICAL - Failed to start application: 'ClusterAnalysisGUI' object has no attribute 'create_data_tab'
Traceback (most recent call last):
  File "/Users/luciusjmorningstar/Documents/GitHub/POLITICAL-PSYCH/scripts/Python/cluster.py", line 620, in main
    app = ClusterAnalysisGUI(root)
  File "/Users/luciusjmorningstar/Documents/GitHub/POLITICAL-PSYCH/scripts/Python/cluster.py", line 117, in __init__
    self._initialize_tabs()
  File "/Users/luciusjmorningstar/Documents/GitHub/POLITICAL-PSYCH/scripts/Python/cluster.py", line 266, in _initialize_tabs
    self.create_data_tab()
AttributeError: 'ClusterAnalysisGUI' object has no attribute 'create_data_tab'

2024-11-08 09:47:36,366 - __main__ - INFO - Starting application
2024-11-08 09:47:36,534 - __main__ - INFO - Initializing ClusterAnalysisGUI
2024-11-08 09:47:36,534 - __main__ - INFO - Logging initialized
2024-11-08 09:47:36,534 - __main__ - INFO - Initializing GUI variables
2024-11-08 09:47:36,535 - __main__ - INFO - GUI variables initialized successfully
2024-11-08 09:47:36,535 - __main__ - INFO - Setting up directories
2024-11-08 09:47:36,535 - __main__ - INFO - Directories created successfully
2024-11-08 09:47:36,535 - __main__ - INFO - Initializing tabs
2024-11-08 09:47:36,543 - __main__ - ERROR - Failed to create data tab: 'ClusterAnalysisGUI' object has no attribute 'browse_file'
2024-11-08 09:47:36,543 - __main__ - ERROR - Failed to initialize tabs: 'ClusterAnalysisGUI' object has no attribute 'browse_file'
Traceback (most recent call last):
  File "/Users/luciusjmorningstar/Documents/GitHub/POLITICAL-PSYCH/scripts/Python/cluster.py", line 266, in _initialize_tabs
    self.create_data_tab()
  File "/Users/luciusjmorningstar/Documents/GitHub/POLITICAL-PSYCH/scripts/Python/cluster.py", line 626, in create_data_tab
    command=self.browse_file
AttributeError: 'ClusterAnalysisGUI' object has no attribute 'browse_file'

2024-11-08 09:47:36,544 - __main__ - ERROR - Failed to initialize ClusterAnalysisGUI: 'ClusterAnalysisGUI' object has no attribute 'browse_file'
Traceback (most recent call last):
  File "/Users/luciusjmorningstar/Documents/GitHub/POLITICAL-PSYCH/scripts/Python/cluster.py", line 117, in __init__
    self._initialize_tabs()
  File "/Users/luciusjmorningstar/Documents/GitHub/POLITICAL-PSYCH/scripts/Python/cluster.py", line 266, in _initialize_tabs
    self.create_data_tab()
  File "/Users/luciusjmorningstar/Documents/GitHub/POLITICAL-PSYCH/scripts/Python/cluster.py", line 626, in create_data_tab
    command=self.browse_file
AttributeError: 'ClusterAnalysisGUI' object has no attribute 'browse_file'

2024-11-08 09:50:47,865 - __main__ - CRITICAL - Failed to start application: 'ClusterAnalysisGUI' object has no attribute 'browse_file'
Traceback (most recent call last):
  File "/Users/luciusjmorningstar/Documents/GitHub/POLITICAL-PSYCH/scripts/Python/cluster.py", line 932, in main
    )
  File "/Users/luciusjmorningstar/Documents/GitHub/POLITICAL-PSYCH/scripts/Python/cluster.py", line 117, in __init__
    self._initialize_tabs()
  File "/Users/luciusjmorningstar/Documents/GitHub/POLITICAL-PSYCH/scripts/Python/cluster.py", line 266, in _initialize_tabs
    self.create_data_tab()
  File "/Users/luciusjmorningstar/Documents/GitHub/POLITICAL-PSYCH/scripts/Python/cluster.py", line 626, in create_data_tab
    command=self.browse_file
AttributeError: 'ClusterAnalysisGUI' object has no attribute 'browse_file'

2024-11-08 09:52:09,408 - __main__ - INFO - Starting application
2024-11-08 09:52:09,563 - __main__ - INFO - Initializing ClusterAnalysisGUI
2024-11-08 09:52:09,563 - __main__ - INFO - Logging initialized
2024-11-08 09:52:09,563 - __main__ - INFO - Initializing GUI variables
2024-11-08 09:52:09,563 - __main__ - INFO - GUI variables initialized successfully
2024-11-08 09:52:09,563 - __main__ - INFO - Setting up directories
2024-11-08 09:52:09,563 - __main__ - INFO - Directories created successfully
2024-11-08 09:52:09,576 - __main__ - ERROR - Failed to create data tab: 'ClusterAnalysisGUI' object has no attribute 'process_data'
2024-11-08 09:52:09,578 - __main__ - ERROR - Failed to initialize ClusterAnalysisGUI: 'ClusterAnalysisGUI' object has no attribute 'process_data'
Traceback (most recent call last):
  File "/Users/luciusjmorningstar/Documents/GitHub/POLITICAL-PSYCH/scripts/Python/cluster.py", line 131, in __init__
    self.create_data_tab()
  File "/Users/luciusjmorningstar/Documents/GitHub/POLITICAL-PSYCH/scripts/Python/cluster.py", line 647, in create_data_tab
    command=self.process_data
AttributeError: 'ClusterAnalysisGUI' object has no attribute 'process_data'

2024-11-08 09:55:01,430 - __main__ - CRITICAL - Failed to start application: 'ClusterAnalysisGUI' object has no attribute 'process_data'
Traceback (most recent call last):
  File "/Users/luciusjmorningstar/Documents/GitHub/POLITICAL-PSYCH/scripts/Python/cluster.py", line 1169, in main
    # Validate file existence
  File "/Users/luciusjmorningstar/Documents/GitHub/POLITICAL-PSYCH/scripts/Python/cluster.py", line 131, in __init__
    self.create_data_tab()
  File "/Users/luciusjmorningstar/Documents/GitHub/POLITICAL-PSYCH/scripts/Python/cluster.py", line 647, in create_data_tab
    command=self.process_data
AttributeError: 'ClusterAnalysisGUI' object has no attribute 'process_data'

2024-11-08 09:55:08,433 - __main__ - INFO - Starting application
2024-11-08 09:55:08,559 - __main__ - INFO - Initializing ClusterAnalysisGUI
2024-11-08 09:55:08,559 - __main__ - INFO - Logging initialized
2024-11-08 09:55:08,559 - __main__ - INFO - Initializing GUI variables
2024-11-08 09:55:08,559 - __main__ - INFO - GUI variables initialized successfully
2024-11-08 09:55:08,559 - __main__ - INFO - Setting up directories
2024-11-08 09:55:08,559 - __main__ - INFO - Directories created successfully
2024-11-08 09:55:08,575 - __main__ - INFO - Data tab created successfully
2024-11-08 09:55:08,575 - __main__ - ERROR - Failed to create cluster tab: 'ClusterAnalysisGUI' object has no attribute 'update_cluster_options'
2024-11-08 09:55:08,576 - __main__ - ERROR - Failed to initialize ClusterAnalysisGUI: 'ClusterAnalysisGUI' object has no attribute 'update_cluster_options'
Traceback (most recent call last):
  File "/Users/luciusjmorningstar/Documents/GitHub/POLITICAL-PSYCH/scripts/Python/cluster.py", line 132, in __init__
    self.create_cluster_tab()
  File "/Users/luciusjmorningstar/Documents/GitHub/POLITICAL-PSYCH/scripts/Python/cluster.py", line 693, in create_cluster_tab
    command=self.update_cluster_options
AttributeError: 'ClusterAnalysisGUI' object has no attribute 'update_cluster_options'

2024-11-08 09:55:14,327 - __main__ - CRITICAL - Failed to start application: 'ClusterAnalysisGUI' object has no attribute 'update_cluster_options'
Traceback (most recent call last):
  File "/Users/luciusjmorningstar/Documents/GitHub/POLITICAL-PSYCH/scripts/Python/cluster.py", line 1327, in main
    app = ClusterAnalysisGUI(root)
  File "/Users/luciusjmorningstar/Documents/GitHub/POLITICAL-PSYCH/scripts/Python/cluster.py", line 132, in __init__
    self.create_cluster_tab()
  File "/Users/luciusjmorningstar/Documents/GitHub/POLITICAL-PSYCH/scripts/Python/cluster.py", line 693, in create_cluster_tab
    command=self.update_cluster_options
AttributeError: 'ClusterAnalysisGUI' object has no attribute 'update_cluster_options'

2024-11-08 09:59:08,071 - __main__ - INFO - Starting application
2024-11-08 09:59:08,189 - __main__ - INFO - Initializing ClusterAnalysisGUI
2024-11-08 09:59:08,190 - __main__ - INFO - Logging initialized
2024-11-08 09:59:08,190 - __main__ - INFO - Initializing GUI variables
2024-11-08 09:59:08,190 - __main__ - INFO - GUI variables initialized successfully
2024-11-08 09:59:08,190 - __main__ - INFO - Setting up directories
2024-11-08 09:59:08,190 - __main__ - INFO - Directories created successfully
2024-11-08 09:59:08,201 - __main__ - INFO - Data tab created successfully
2024-11-08 09:59:08,202 - __main__ - ERROR - Failed to create cluster tab: 'ClusterAnalysisGUI' object has no attribute 'perform_clustering'
2024-11-08 09:59:08,203 - __main__ - ERROR - Failed to initialize ClusterAnalysisGUI: 'ClusterAnalysisGUI' object has no attribute 'perform_clustering'
Traceback (most recent call last):
  File "/Users/luciusjmorningstar/Documents/GitHub/POLITICAL-PSYCH/scripts/Python/cluster.py", line 136, in __init__
    self.create_cluster_tab()
  File "/Users/luciusjmorningstar/Documents/GitHub/POLITICAL-PSYCH/scripts/Python/cluster.py", line 735, in create_cluster_tab
    command=self.perform_clustering
AttributeError: 'ClusterAnalysisGUI' object has no attribute 'perform_clustering'

2024-11-08 09:59:23,661 - __main__ - CRITICAL - Failed to start application: 'ClusterAnalysisGUI' object has no attribute 'perform_clustering'
Traceback (most recent call last):
  File "/Users/luciusjmorningstar/Documents/GitHub/POLITICAL-PSYCH/scripts/Python/cluster.py", line 1365, in main
    app = ClusterAnalysisGUI(root)
  File "/Users/luciusjmorningstar/Documents/GitHub/POLITICAL-PSYCH/scripts/Python/cluster.py", line 136, in __init__
    self.create_cluster_tab()
  File "/Users/luciusjmorningstar/Documents/GitHub/POLITICAL-PSYCH/scripts/Python/cluster.py", line 735, in create_cluster_tab
    command=self.perform_clustering
AttributeError: 'ClusterAnalysisGUI' object has no attribute 'perform_clustering'

2024-11-08 10:03:35,006 - __main__ - INFO - Starting application
2024-11-08 10:03:35,136 - __main__ - INFO - Initializing ClusterAnalysisGUI
2024-11-08 10:03:35,136 - __main__ - INFO - Logging initialized
2024-11-08 10:03:35,136 - __main__ - INFO - Initializing GUI variables
2024-11-08 10:03:35,136 - __main__ - INFO - GUI variables initialized successfully
2024-11-08 10:03:35,137 - __main__ - INFO - Setting up directories
2024-11-08 10:03:35,137 - __main__ - INFO - Directories created successfully
2024-11-08 10:03:35,144 - __main__ - ERROR - Failed to create data tab: 'ClusterAnalysisGUI' object has no attribute 'process_data'
2024-11-08 10:03:35,144 - __main__ - ERROR - Failed to initialize ClusterAnalysisGUI: 'ClusterAnalysisGUI' object has no attribute 'process_data'
Traceback (most recent call last):
  File "/Users/luciusjmorningstar/Documents/GitHub/POLITICAL-PSYCH/scripts/Python/cluster.py", line 135, in __init__
    self.create_data_tab()
  File "/Users/luciusjmorningstar/Documents/GitHub/POLITICAL-PSYCH/scripts/Python/cluster.py", line 651, in create_data_tab
    command=self.process_data
AttributeError: 'ClusterAnalysisGUI' object has no attribute 'process_data'

2024-11-08 10:03:39,936 - __main__ - CRITICAL - Failed to start application: 'ClusterAnalysisGUI' object has no attribute 'process_data'
Traceback (most recent call last):
  File "/Users/luciusjmorningstar/Documents/GitHub/POLITICAL-PSYCH/scripts/Python/cluster.py", line 1234, in main
    app = ClusterAnalysisGUI(root)
  File "/Users/luciusjmorningstar/Documents/GitHub/POLITICAL-PSYCH/scripts/Python/cluster.py", line 135, in __init__
    self.create_data_tab()
  File "/Users/luciusjmorningstar/Documents/GitHub/POLITICAL-PSYCH/scripts/Python/cluster.py", line 651, in create_data_tab
    command=self.process_data
AttributeError: 'ClusterAnalysisGUI' object has no attribute 'process_data'

