2024-11-08 09:59:08,190 - __main__ - INFO - Logging initialized
2024-11-08 09:59:08,190 - __main__ - INFO - Initializing GUI variables
2024-11-08 09:59:08,190 - __main__ - INFO - GUI variables initialized successfully
2024-11-08 09:59:08,190 - __main__ - INFO - Setting up directories
2024-11-08 09:59:08,190 - __main__ - INFO - Directories created successfully
2024-11-08 09:59:08,201 - __main__ - INFO - Data tab created successfully
2024-11-08 09:59:08,202 - __main__ - ERROR - Failed to create cluster tab: 'ClusterAnalysisGUI' object has no attribute 'perform_clustering'
2024-11-08 09:59:08,203 - __main__ - ERROR - Failed to initialize ClusterAnalysisGUI: 'ClusterAnalysisGUI' object has no attribute 'perform_clustering'
Traceback (most recent call last):
  File "/Users/luciusjmorningstar/Documents/GitHub/POLITICAL-PSYCH/scripts/Python/cluster.py", line 136, in __init__
    self.create_cluster_tab()
  File "/Users/luciusjmorningstar/Documents/GitHub/POLITICAL-PSYCH/scripts/Python/cluster.py", line 735, in create_cluster_tab
    command=self.perform_clustering
AttributeError: 'ClusterAnalysisGUI' object has no attribute 'perform_clustering'

2024-11-08 09:59:23,661 - __main__ - CRITICAL - Failed to start application: 'ClusterAnalysisGUI' object has no attribute 'perform_clustering'
Traceback (most recent call last):
  File "/Users/luciusjmorningstar/Documents/GitHub/POLITICAL-PSYCH/scripts/Python/cluster.py", line 1365, in main
    app = ClusterAnalysisGUI(root)
  File "/Users/luciusjmorningstar/Documents/GitHub/POLITICAL-PSYCH/scripts/Python/cluster.py", line 136, in __init__
    self.create_cluster_tab()
  File "/Users/luciusjmorningstar/Documents/GitHub/POLITICAL-PSYCH/scripts/Python/cluster.py", line 735, in create_cluster_tab
    command=self.perform_clustering
AttributeError: 'ClusterAnalysisGUI' object has no attribute 'perform_clustering'

