2024-11-08 09:44:59,834 - __main__ - INFO - Logging initialized
2024-11-08 09:44:59,834 - __main__ - INFO - Initializing GUI variables
2024-11-08 09:44:59,834 - __main__ - INFO - GUI variables initialized successfully
2024-11-08 09:44:59,834 - __main__ - INFO - Setting up directories
2024-11-08 09:44:59,834 - __main__ - INFO - Directories created successfully
2024-11-08 09:44:59,834 - __main__ - INFO - Initializing tabs
2024-11-08 09:44:59,835 - __main__ - ERROR - Failed to initialize tabs: 'ClusterAnalysisGUI' object has no attribute 'create_data_tab'
Traceback (most recent call last):
  File "/Users/luciusjmorningstar/Documents/GitHub/POLITICAL-PSYCH/scripts/Python/cluster.py", line 266, in _initialize_tabs
    self.create_data_tab()
AttributeError: 'ClusterAnalysisGUI' object has no attribute 'create_data_tab'

2024-11-08 09:44:59,835 - __main__ - ERROR - Failed to initialize ClusterAnalysisGUI: 'ClusterAnalysisGUI' object has no attribute 'create_data_tab'
Traceback (most recent call last):
  File "/Users/luciusjmorningstar/Documents/GitHub/POLITICAL-PSYCH/scripts/Python/cluster.py", line 117, in __init__
    self._initialize_tabs()
  File "/Users/luciusjmorningstar/Documents/GitHub/POLITICAL-PSYCH/scripts/Python/cluster.py", line 266, in _initialize_tabs
    self.create_data_tab()
AttributeError: 'ClusterAnalysisGUI' object has no attribute 'create_data_tab'

2024-11-08 09:45:05,405 - __main__ - CRITICAL - Failed to start application: 'ClusterAnalysisGUI' object has no attribute 'create_data_tab'
Traceback (most recent call last):
  File "/Users/luciusjmorningstar/Documents/GitHub/POLITICAL-PSYCH/scripts/Python/cluster.py", line 620, in main
    app = ClusterAnalysisGUI(root)
  File "/Users/luciusjmorningstar/Documents/GitHub/POLITICAL-PSYCH/scripts/Python/cluster.py", line 117, in __init__
    self._initialize_tabs()
  File "/Users/luciusjmorningstar/Documents/GitHub/POLITICAL-PSYCH/scripts/Python/cluster.py", line 266, in _initialize_tabs
    self.create_data_tab()
AttributeError: 'ClusterAnalysisGUI' object has no attribute 'create_data_tab'

